<?xml version="1.0" encoding="UTF-8"?>
<testng-results skipped="0" failed="0" ignored="0" total="2" passed="2">
  <reporter-output>
  </reporter-output>
  <suite name="Default suite" duration-ms="33211" started-at="2017-09-18T09:59:43Z" finished-at="2017-09-18T10:00:16Z">
    <groups>
    </groups>
    <test name="Default test" duration-ms="33211" started-at="2017-09-18T09:59:43Z" finished-at="2017-09-18T10:00:16Z">
      <class name="com.way2automation.twitter.testcases.LoginTest">
        <test-method status="PASS" signature="init()[pri:0, instance:com.way2automation.twitter.testcases.LoginTest@32910148]" name="init" is-config="true" duration-ms="19959" started-at="2017-09-18T15:29:23Z" finished-at="2017-09-18T15:29:43Z">
          <reporter-output>
          </reporter-output>
        </test-method> <!-- init -->
        <test-method status="PASS" signature="checkRunMode()[pri:0, instance:com.way2automation.twitter.testcases.LoginTest@32910148]" name="checkRunMode" is-config="true" duration-ms="24" started-at="2017-09-18T15:29:43Z" finished-at="2017-09-18T15:29:43Z">
          <reporter-output>
          </reporter-output>
        </test-method> <!-- checkRunMode -->
        <test-method status="PASS" signature="sampleTest(java.lang.String, java.lang.String)[pri:0, instance:com.way2automation.twitter.testcases.LoginTest@32910148]" name="sampleTest" duration-ms="33169" started-at="2017-09-18T15:29:43Z" data-provider="getData" finished-at="2017-09-18T15:30:16Z">
          <params>
            <param index="0">
              <value>
                <![CDATA[MohanSenthil228]]>
              </value>
            </param>
            <param index="1">
              <value>
                <![CDATA[Nehasenthil2208]]>
              </value>
            </param>
          </params>
          <reporter-output>
          </reporter-output>
        </test-method> <!-- sampleTest -->
        <test-method status="PASS" signature="testQuitDriver()[pri:0, instance:com.way2automation.twitter.testcases.LoginTest@32910148]" name="testQuitDriver" duration-ms="1" started-at="2017-09-18T15:30:16Z" finished-at="2017-09-18T15:30:16Z">
          <reporter-output>
          </reporter-output>
        </test-method> <!-- testQuitDriver -->
        <test-method status="PASS" signature="testQuitDriver()[pri:0, instance:com.way2automation.twitter.testcases.LoginTest@32910148]" name="testQuitDriver" is-config="true" duration-ms="1" started-at="2017-09-18T15:30:16Z" finished-at="2017-09-18T15:30:16Z">
          <reporter-output>
          </reporter-output>
        </test-method> <!-- testQuitDriver -->
      </class> <!-- com.way2automation.twitter.testcases.LoginTest -->
    </test> <!-- Default test -->
  </suite> <!-- Default suite -->
</testng-results>
