<?xml version="1.0" encoding="UTF-8"?>
<testng-results skipped="0" failed="1" ignored="0" total="2" passed="1">
  <reporter-output>
  </reporter-output>
  <suite name="Default suite" duration-ms="25654" started-at="2017-09-18T12:43:23Z" finished-at="2017-09-18T12:43:48Z">
    <groups>
    </groups>
    <test name="Default test" duration-ms="25654" started-at="2017-09-18T12:43:23Z" finished-at="2017-09-18T12:43:48Z">
      <class name="com.way2automation.twitter.testcases.LoginTest">
        <test-method status="PASS" signature="init()[pri:0, instance:com.way2automation.twitter.testcases.LoginTest@1ed1993a]" name="init" is-config="true" duration-ms="29827" started-at="2017-09-18T18:12:53Z" finished-at="2017-09-18T18:13:23Z">
          <reporter-output>
          </reporter-output>
        </test-method> <!-- init -->
        <test-method status="PASS" signature="checkRunMode()[pri:0, instance:com.way2automation.twitter.testcases.LoginTest@1ed1993a]" name="checkRunMode" is-config="true" duration-ms="19" started-at="2017-09-18T18:13:23Z" finished-at="2017-09-18T18:13:23Z">
          <reporter-output>
          </reporter-output>
        </test-method> <!-- checkRunMode -->
        <test-method status="FAIL" signature="sampleTest(java.lang.String, java.lang.String)[pri:0, instance:com.way2automation.twitter.testcases.LoginTest@1ed1993a]" name="sampleTest" duration-ms="25597" started-at="2017-09-18T18:13:23Z" data-provider="getData" finished-at="2017-09-18T18:13:48Z">
          <params>
            <param index="0">
              <value>
                <![CDATA[MohanSenthil228]]>
              </value>
            </param>
            <param index="1">
              <value>
                <![CDATA[Nehasenthil2208]]>
              </value>
            </param>
          </params>
          <exception class="org.openqa.selenium.WebDriverException">
            <message>
              <![CDATA[Failed to decode response from marionette
Build info: version: '3.0.1', revision: '1969d75', time: '2016-10-18 09:49:13 -0700'
System info: host: 'DESKTOP-84BCDDP', ip: '192.168.1.17', os.name: 'Windows 10', os.arch: 'amd64', os.version: '10.0', java.version: '1.8.0_121'
Driver info: org.openqa.selenium.firefox.FirefoxDriver
Capabilities [{moz:profile=C:\Users\User\AppData\Local\Temp\rust_mozprofile.aZIiLVlOgRgx, rotatable=false, timeouts={implicit=0, page load=300000, script=30000}, pageLoadStrategy=normal, platform=ANY, specificationLevel=0, moz:accessibilityChecks=false, acceptInsecureCerts=false, browserVersion=52.0, platformVersion=10.0, moz:processID=17216, browserName=firefox, platformName=windows_nt}]
Session ID: a921e288-816c-49e7-af7e-5b53bc00143f
*** Element info: {Using=xpath, value=.//*[@id='page-container']/div[1]/div[1]/div/div[1]/div/a}]]>
            </message>
            <full-stacktrace>
              <![CDATA[org.openqa.selenium.WebDriverException: Failed to decode response from marionette
Build info: version: '3.0.1', revision: '1969d75', time: '2016-10-18 09:49:13 -0700'
System info: host: 'DESKTOP-84BCDDP', ip: '192.168.1.17', os.name: 'Windows 10', os.arch: 'amd64', os.version: '10.0', java.version: '1.8.0_121'
Driver info: org.openqa.selenium.firefox.FirefoxDriver
Capabilities [{moz:profile=C:\Users\User\AppData\Local\Temp\rust_mozprofile.aZIiLVlOgRgx, rotatable=false, timeouts={implicit=0, page load=300000, script=30000}, pageLoadStrategy=normal, platform=ANY, specificationLevel=0, moz:accessibilityChecks=false, acceptInsecureCerts=false, browserVersion=52.0, platformVersion=10.0, moz:processID=17216, browserName=firefox, platformName=windows_nt}]
Session ID: a921e288-816c-49e7-af7e-5b53bc00143f
*** Element info: {Using=xpath, value=.//*[@id='page-container']/div[1]/div[1]/div/div[1]/div/a}
	at sun.reflect.NativeConstructorAccessorImpl.newInstance0(Native Method)
	at sun.reflect.NativeConstructorAccessorImpl.newInstance(NativeConstructorAccessorImpl.java:62)
	at sun.reflect.DelegatingConstructorAccessorImpl.newInstance(DelegatingConstructorAccessorImpl.java:45)
	at java.lang.reflect.Constructor.newInstance(Constructor.java:423)
	at org.openqa.selenium.remote.http.W3CHttpResponseCodec.createException(W3CHttpResponseCodec.java:127)
	at org.openqa.selenium.remote.http.W3CHttpResponseCodec.decode(W3CHttpResponseCodec.java:93)
	at org.openqa.selenium.remote.http.W3CHttpResponseCodec.decode(W3CHttpResponseCodec.java:42)
	at org.openqa.selenium.remote.HttpCommandExecutor.execute(HttpCommandExecutor.java:163)
	at org.openqa.selenium.remote.service.DriverCommandExecutor.execute(DriverCommandExecutor.java:82)
	at org.openqa.selenium.remote.RemoteWebDriver.execute(RemoteWebDriver.java:601)
	at org.openqa.selenium.remote.RemoteWebDriver.findElement(RemoteWebDriver.java:368)
	at org.openqa.selenium.remote.RemoteWebDriver.findElementByXPath(RemoteWebDriver.java:473)
	at org.openqa.selenium.By$ByXPath.findElement(By.java:361)
	at org.openqa.selenium.remote.RemoteWebDriver.findElement(RemoteWebDriver.java:360)
	at org.openqa.selenium.support.ui.ExpectedConditions.findElement(ExpectedConditions.java:895)
	at org.openqa.selenium.support.ui.ExpectedConditions.access$000(ExpectedConditions.java:41)
	at org.openqa.selenium.support.ui.ExpectedConditions$7.apply(ExpectedConditions.java:205)
	at org.openqa.selenium.support.ui.ExpectedConditions$7.apply(ExpectedConditions.java:201)
	at org.openqa.selenium.support.ui.FluentWait.until(FluentWait.java:238)
	at com.way2automation.twitter.pages.twitLandingPage.gotoProfile(twitLandingPage.java:46)
	at com.way2automation.twitter.testcases.LoginTest.sampleTest(LoginTest.java:71)
	at sun.reflect.NativeMethodAccessorImpl.invoke0(Native Method)
	at sun.reflect.NativeMethodAccessorImpl.invoke(NativeMethodAccessorImpl.java:62)
	at sun.reflect.DelegatingMethodAccessorImpl.invoke(DelegatingMethodAccessorImpl.java:43)
	at java.lang.reflect.Method.invoke(Method.java:498)
	at org.testng.internal.MethodInvocationHelper.invokeMethod(MethodInvocationHelper.java:108)
	at org.testng.internal.Invoker.invokeMethod(Invoker.java:661)
	at org.testng.internal.Invoker.invokeTestMethod(Invoker.java:869)
	at org.testng.internal.Invoker.invokeTestMethods(Invoker.java:1193)
	at org.testng.internal.TestMethodWorker.invokeTestMethods(TestMethodWorker.java:126)
	at org.testng.internal.TestMethodWorker.run(TestMethodWorker.java:109)
	at org.testng.TestRunner.privateRun(TestRunner.java:744)
	at org.testng.TestRunner.run(TestRunner.java:602)
	at org.testng.SuiteRunner.runTest(SuiteRunner.java:380)
	at org.testng.SuiteRunner.runSequentially(SuiteRunner.java:375)
	at org.testng.SuiteRunner.privateRun(SuiteRunner.java:340)
	at org.testng.SuiteRunner.run(SuiteRunner.java:289)
	at org.testng.SuiteRunnerWorker.runSuite(SuiteRunnerWorker.java:52)
	at org.testng.SuiteRunnerWorker.run(SuiteRunnerWorker.java:86)
	at org.testng.TestNG.runSuitesSequentially(TestNG.java:1301)
	at org.testng.TestNG.runSuitesLocally(TestNG.java:1226)
	at org.testng.TestNG.runSuites(TestNG.java:1144)
	at org.testng.TestNG.run(TestNG.java:1115)
	at org.testng.remote.AbstractRemoteTestNG.run(AbstractRemoteTestNG.java:132)
	at org.testng.remote.RemoteTestNG.initAndRun(RemoteTestNG.java:230)
	at org.testng.remote.RemoteTestNG.main(RemoteTestNG.java:76)
]]>
            </full-stacktrace>
          </exception> <!-- org.openqa.selenium.WebDriverException -->
          <reporter-output>
          </reporter-output>
        </test-method> <!-- sampleTest -->
        <test-method status="PASS" signature="testQuitDriver()[pri:0, instance:com.way2automation.twitter.testcases.LoginTest@1ed1993a]" name="testQuitDriver" duration-ms="2" started-at="2017-09-18T18:13:48Z" finished-at="2017-09-18T18:13:48Z">
          <reporter-output>
          </reporter-output>
        </test-method> <!-- testQuitDriver -->
        <test-method status="PASS" signature="testQuitDriver()[pri:0, instance:com.way2automation.twitter.testcases.LoginTest@1ed1993a]" name="testQuitDriver" is-config="true" duration-ms="0" started-at="2017-09-18T18:13:48Z" finished-at="2017-09-18T18:13:48Z">
          <reporter-output>
          </reporter-output>
        </test-method> <!-- testQuitDriver -->
      </class> <!-- com.way2automation.twitter.testcases.LoginTest -->
    </test> <!-- Default test -->
  </suite> <!-- Default suite -->
</testng-results>
