<?xml version="1.0" encoding="UTF-8"?>
<!-- Generated by org.testng.reporters.JUnitXMLReporter -->
<testsuite hostname="DESKTOP-84BCDDP" ignored="0" name="Default test" tests="2" failures="0" timestamp="18 Sep 2017 10:00:16 GMT" time="33.211" errors="0">
  <testcase name="sampleTest" time="33.169" classname="com.way2automation.twitter.testcases.LoginTest"/>
  <testcase name="testQuitDriver" time="0.001" classname="com.way2automation.twitter.core.testCore"/>
</testsuite> <!-- Default test -->
