-------------------------------------------------------------------------------
Test set: TestSuite
-------------------------------------------------------------------------------
Tests run: 5, Failures: 1, Errors: 0, Skipped: 4, Time elapsed: 7.034 s <<< FAILURE! - in TestSuite
init(com.way2automation.twitter.testcases.LoginTest)  Time elapsed: 6.92 s  <<< FAILURE!
java.lang.OutOfMemoryError: Java heap space

