<?xml version="1.0" encoding="UTF-8"?>
<testng-results skipped="0" failed="0" ignored="0" total="2" passed="2">
  <reporter-output>
  </reporter-output>
  <suite name="Suite" duration-ms="31267" started-at="2017-09-18T11:09:14Z" finished-at="2017-09-18T11:09:45Z">
    <groups>
    </groups>
    <test name="Test" duration-ms="31267" started-at="2017-09-18T11:09:14Z" finished-at="2017-09-18T11:09:45Z">
      <class name="com.way2automation.twitter.testcases.LoginTest">
        <test-method status="PASS" signature="init()[pri:0, instance:com.way2automation.twitter.testcases.LoginTest@506dcf55]" name="init" is-config="true" duration-ms="17100" started-at="2017-09-18T16:38:57Z" finished-at="2017-09-18T16:39:14Z">
          <reporter-output>
          </reporter-output>
        </test-method> <!-- init -->
        <test-method status="PASS" signature="checkRunMode()[pri:0, instance:com.way2automation.twitter.testcases.LoginTest@506dcf55]" name="checkRunMode" is-config="true" duration-ms="11" started-at="2017-09-18T16:39:14Z" finished-at="2017-09-18T16:39:14Z">
          <reporter-output>
          </reporter-output>
        </test-method> <!-- checkRunMode -->
        <test-method status="PASS" signature="sampleTest(java.lang.String, java.lang.String)[pri:0, instance:com.way2automation.twitter.testcases.LoginTest@506dcf55]" name="sampleTest" duration-ms="31241" started-at="2017-09-18T16:39:14Z" data-provider="getData" finished-at="2017-09-18T16:39:45Z">
          <params>
            <param index="0">
              <value>
                <![CDATA[MohanSenthil228]]>
              </value>
            </param>
            <param index="1">
              <value>
                <![CDATA[Nehasenthil2208]]>
              </value>
            </param>
          </params>
          <reporter-output>
          </reporter-output>
        </test-method> <!-- sampleTest -->
        <test-method status="PASS" signature="testQuitDriver()[pri:0, instance:com.way2automation.twitter.testcases.LoginTest@506dcf55]" name="testQuitDriver" duration-ms="0" started-at="2017-09-18T16:39:45Z" finished-at="2017-09-18T16:39:45Z">
          <reporter-output>
          </reporter-output>
        </test-method> <!-- testQuitDriver -->
        <test-method status="PASS" signature="testQuitDriver()[pri:0, instance:com.way2automation.twitter.testcases.LoginTest@506dcf55]" name="testQuitDriver" is-config="true" duration-ms="0" started-at="2017-09-18T16:39:45Z" finished-at="2017-09-18T16:39:45Z">
          <reporter-output>
          </reporter-output>
        </test-method> <!-- testQuitDriver -->
      </class> <!-- com.way2automation.twitter.testcases.LoginTest -->
    </test> <!-- Test -->
  </suite> <!-- Suite -->
</testng-results>
