<?xml version="1.0" encoding="UTF-8"?>
<!-- Generated by org.testng.reporters.JUnitXMLReporter -->
<testsuite hostname="DESKTOP-84BCDDP" ignored="0" name="Test" tests="2" failures="0" timestamp="18 Sep 2017 11:40:58 GMT" time="0.024" errors="0">
  <testcase name="@BeforeSuite init" time="5.248" classname="com.way2automation.twitter.core.testCore">
    <failure type="java.lang.OutOfMemoryError" message="Java heap space">
      <![CDATA[java.lang.OutOfMemoryError: Java heap space
	at java.util.Arrays.copyOf(Arrays.java:3332)
	at java.lang.AbstractStringBuilder.ensureCapacityInternal(AbstractStringBuilder.java:124)
	at java.lang.AbstractStringBuilder.append(AbstractStringBuilder.java:448)
	at java.lang.StringBuilder.append(StringBuilder.java:136)
	at org.openqa.selenium.remote.ProtocolHandshake.amendOssParamters(ProtocolHandshake.java:183)
	at org.openqa.selenium.remote.ProtocolHandshake.createSession(ProtocolHandshake.java:61)
	at org.openqa.selenium.remote.HttpCommandExecutor.execute(HttpCommandExecutor.java:141)
	at org.openqa.selenium.remote.service.DriverCommandExecutor.execute(DriverCommandExecutor.java:82)
	at org.openqa.selenium.remote.RemoteWebDriver.execute(RemoteWebDriver.java:601)
	at org.openqa.selenium.remote.RemoteWebDriver.startSession(RemoteWebDriver.java:241)
	at org.openqa.selenium.remote.RemoteWebDriver.<init>(RemoteWebDriver.java:128)
	at org.openqa.selenium.firefox.FirefoxDriver.<init>(FirefoxDriver.java:259)
	at org.openqa.selenium.firefox.FirefoxDriver.<init>(FirefoxDriver.java:247)
	at org.openqa.selenium.firefox.FirefoxDriver.<init>(FirefoxDriver.java:242)
	at org.openqa.selenium.firefox.FirefoxDriver.<init>(FirefoxDriver.java:238)
	at org.openqa.selenium.firefox.FirefoxDriver.<init>(FirefoxDriver.java:131)
	at com.way2automation.twitter.core.testCore.init(testCore.java:77)
... Removed 15 stack frames]]>
    </failure>
  </testcase> <!-- @BeforeSuite init -->
  <testcase name="@BeforeTest checkRunMode" time="0.0" classname="com.way2automation.twitter.testcases.LoginTest">
    <skipped/>
  </testcase> <!-- @BeforeTest checkRunMode -->
  <testcase name="sampleTest" time="0.0" classname="com.way2automation.twitter.testcases.LoginTest">
    <skipped/>
  </testcase> <!-- sampleTest -->
  <testcase name="testQuitDriver" time="0.0" classname="com.way2automation.twitter.core.testCore">
    <skipped/>
  </testcase> <!-- testQuitDriver -->
</testsuite> <!-- Test -->
